<?xml version="1.0" encoding="UTF-8"?>
<!-- Generated by org.testng.reporters.JUnitXMLReporter -->
<testsuite ignored="14" hostname="Ferhats-MBP.attlocal.net" failures="0" tests="1" name="Surefire test" time="0.323" errors="0" timestamp="2020-09-19T19:12:32 CDT">
  <testcase classname="common.WebAPI" name="@BeforeMethod setUp" time="0.246">
    <failure type="java.lang.IllegalStateException" message="The driver is not executable: /Users/ferhatbellache/IdeaProjects/Bootcamp_Team3/Ebay/../Generic/BrowserDriver/windows/chromedriver.exe">
      <![CDATA[java.lang.IllegalStateException: The driver is not executable: /Users/ferhatbellache/IdeaProjects/Bootcamp_Team3/Ebay/../Generic/BrowserDriver/windows/chromedriver.exe
at com.google.common.base.Preconditions.checkState(Preconditions.java:585)
at org.openqa.selenium.remote.service.DriverService.checkExecutable(DriverService.java:150)
at org.openqa.selenium.remote.service.DriverService.findExecutable(DriverService.java:141)
at org.openqa.selenium.chrome.ChromeDriverService.access$000(ChromeDriverService.java:35)
at org.openqa.selenium.chrome.ChromeDriverService$Builder.findDefaultExecutable(ChromeDriverService.java:159)
at org.openqa.selenium.remote.service.DriverService$Builder.build(DriverService.java:355)
at org.openqa.selenium.chrome.ChromeDriverService.createDefaultService(ChromeDriverService.java:94)
at org.openqa.selenium.chrome.ChromeDriver.<init>(ChromeDriver.java:157)
at common.WebAPI.getLocalDriver(WebAPI.java:177)
at common.WebAPI.setUp(WebAPI.java:152)
at java.base/java.util.ArrayList.forEach(ArrayList.java:1510)
... Removed 36 stack frames]]>
    </failure>
  </testcase> <!-- @BeforeMethod setUp -->
  <testcase classname="common.WebAPI" name="@BeforeMethod startExtent" time="-1.600560752031E9">
    <skipped/>
  </testcase> <!-- @BeforeMethod startExtent -->
  <testcase classname="footerEbayTest.BuyCategoryTest" name="@BeforeMethod getInit" time="-1.600560752032E9">
    <skipped/>
  </testcase> <!-- @BeforeMethod getInit -->
  <testcase classname="common.WebAPI" name="@AfterMethod afterEachTestMethod" time="-1.600560752036E9">
    <skipped/>
  </testcase> <!-- @AfterMethod afterEachTestMethod -->
  <testcase classname="footerEbayTest.BuyCategoryTest" name="communitySearchDropSellerNewsTest" time="0.0">
    <skipped/>
  </testcase> <!-- communitySearchDropSellerNewsTest -->
  <testcase classname="footerEbayTest.BuyCategoryTest" name="buyLinkTest" time="0.0">
    <ignored/>
  </testcase> <!-- buyLinkTest -->
  <testcase classname="footerEbayTest.BuyCategoryTest" name="moneyBackGuarenteeTest" time="0.0">
    <ignored/>
  </testcase> <!-- moneyBackGuarenteeTest -->
  <testcase classname="footerEbayTest.BuyCategoryTest" name="healthAndBeatyLinkTest" time="0.0">
    <ignored/>
  </testcase> <!-- healthAndBeatyLinkTest -->
  <testcase classname="footerEbayTest.BuyCategoryTest" name="countrySelectHKTest" time="0.0">
    <ignored/>
  </testcase> <!-- countrySelectHKTest -->
  <testcase classname="footerEbayTest.BuyCategoryTest" name="biddinAndBuyingTest" time="0.0">
    <ignored/>
  </testcase> <!-- biddinAndBuyingTest -->
  <testcase classname="footerEbayTest.BuyCategoryTest" name="collectibleArtTest" time="0.0">
    <ignored/>
  </testcase> <!-- collectibleArtTest -->
  <testcase classname="footerEbayTest.BuyCategoryTest" name="communityLinkTest" time="0.0">
    <ignored/>
  </testcase> <!-- communityLinkTest -->
  <testcase classname="footerEbayTest.BuyCategoryTest" name="communitySearchBox" time="0.0">
    <ignored/>
  </testcase> <!-- communitySearchBox -->
  <testcase classname="footerEbayTest.BuyCategoryTest" name="northonIdTest" time="0.0">
    <ignored/>
  </testcase> <!-- northonIdTest -->
  <testcase classname="footerEbayTest.BuyCategoryTest" name="policiesLinkTest" time="0.0">
    <ignored/>
  </testcase> <!-- policiesLinkTest -->
  <testcase classname="footerEbayTest.BuyCategoryTest" name="SellLInkActTest" time="0.0">
    <ignored/>
  </testcase> <!-- SellLInkActTest -->
  <testcase classname="footerEbayTest.BuyCategoryTest" name="languageSelectTest" time="0.0">
    <ignored/>
  </testcase> <!-- languageSelectTest -->
  <testcase classname="footerEbayTest.BuyCategoryTest" name="copyrightTest" time="0.0">
    <ignored/>
  </testcase> <!-- copyrightTest -->
  <testcase classname="footerEbayTest.BuyCategoryTest" name="ebayCompaniesLinkTest" time="0.0">
    <ignored/>
  </testcase> <!-- ebayCompaniesLinkTest -->
</testsuite> <!-- Surefire test -->
