<?xml version="1.0" encoding="UTF-8"?>
<!-- Generated by org.testng.reporters.JUnitReportReporter -->
<testsuite hostname="Ferhats-MBP.attlocal.net" failures="0" tests="16" name="footerEbayTest.BuyCategoryTest" time="0.246" errors="1" timestamp="2020-09-19T19:12:32 CDT" skipped="15">
  <testcase classname="footerEbayTest.BuyCategoryTest" name="communitySearchDropSellerNewsTest" time="0.000">
    <skipped/>
  </testcase> <!-- communitySearchDropSellerNewsTest -->
  <system-out/>
  <testcase classname="footerEbayTest.BuyCategoryTest" name="setUp" time="0.246">
    <error message="The driver is not executable: /Users/ferhatbellache/IdeaProjects/Bootcamp_Team3/Ebay/../Generic/BrowserDriver/windows/chromedriver.exe" type="java.lang.IllegalStateException">
      <![CDATA[java.lang.IllegalStateException: The driver is not executable: /Users/ferhatbellache/IdeaProjects/Bootcamp_Team3/Ebay/../Generic/BrowserDriver/windows/chromedriver.exe
at com.google.common.base.Preconditions.checkState(Preconditions.java:585)
at org.openqa.selenium.remote.service.DriverService.checkExecutable(DriverService.java:150)
at org.openqa.selenium.remote.service.DriverService.findExecutable(DriverService.java:141)
at org.openqa.selenium.chrome.ChromeDriverService.access$000(ChromeDriverService.java:35)
at org.openqa.selenium.chrome.ChromeDriverService$Builder.findDefaultExecutable(ChromeDriverService.java:159)
at org.openqa.selenium.remote.service.DriverService$Builder.build(DriverService.java:355)
at org.openqa.selenium.chrome.ChromeDriverService.createDefaultService(ChromeDriverService.java:94)
at org.openqa.selenium.chrome.ChromeDriver.<init>(ChromeDriver.java:157)
at common.WebAPI.getLocalDriver(WebAPI.java:177)
at common.WebAPI.setUp(WebAPI.java:152)
at java.base/jdk.internal.reflect.NativeMethodAccessorImpl.invoke0(Native Method)
at java.base/jdk.internal.reflect.NativeMethodAccessorImpl.invoke(NativeMethodAccessorImpl.java:62)
at java.base/jdk.internal.reflect.DelegatingMethodAccessorImpl.invoke(DelegatingMethodAccessorImpl.java:43)
at java.base/java.lang.reflect.Method.invoke(Method.java:564)
at org.testng.internal.MethodInvocationHelper.invokeMethod(MethodInvocationHelper.java:134)
at org.testng.internal.MethodInvocationHelper.invokeMethodConsideringTimeout(MethodInvocationHelper.java:63)
at org.testng.internal.ConfigInvoker.invokeConfigurationMethod(ConfigInvoker.java:348)
at org.testng.internal.ConfigInvoker.invokeConfigurations(ConfigInvoker.java:302)
at org.testng.internal.TestInvoker.runConfigMethods(TestInvoker.java:695)
at org.testng.internal.TestInvoker.invokeMethod(TestInvoker.java:523)
at org.testng.internal.TestInvoker.invokeTestMethod(TestInvoker.java:173)
at org.testng.internal.MethodRunner.runInSequence(MethodRunner.java:46)
at org.testng.internal.TestInvoker$MethodInvocationAgent.invoke(TestInvoker.java:816)
at org.testng.internal.TestInvoker.invokeTestMethods(TestInvoker.java:146)
at org.testng.internal.TestMethodWorker.invokeTestMethods(TestMethodWorker.java:146)
at org.testng.internal.TestMethodWorker.run(TestMethodWorker.java:128)
at java.base/java.util.ArrayList.forEach(ArrayList.java:1510)
at org.testng.TestRunner.privateRun(TestRunner.java:766)
at org.testng.TestRunner.run(TestRunner.java:587)
at org.testng.SuiteRunner.runTest(SuiteRunner.java:384)
at org.testng.SuiteRunner.runSequentially(SuiteRunner.java:378)
at org.testng.SuiteRunner.privateRun(SuiteRunner.java:337)
at org.testng.SuiteRunner.run(SuiteRunner.java:286)
at org.testng.SuiteRunnerWorker.runSuite(SuiteRunnerWorker.java:53)
at org.testng.SuiteRunnerWorker.run(SuiteRunnerWorker.java:96)
at org.testng.TestNG.runSuitesSequentially(TestNG.java:1187)
at org.testng.TestNG.runSuitesLocally(TestNG.java:1109)
at org.testng.TestNG.runSuites(TestNG.java:1039)
at org.testng.TestNG.run(TestNG.java:1007)
at org.apache.maven.surefire.testng.TestNGExecutor.run(TestNGExecutor.java:135)
at org.apache.maven.surefire.testng.TestNGDirectoryTestSuite.executeMulti(TestNGDirectoryTestSuite.java:193)
at org.apache.maven.surefire.testng.TestNGDirectoryTestSuite.execute(TestNGDirectoryTestSuite.java:94)
at org.apache.maven.surefire.testng.TestNGProvider.invoke(TestNGProvider.java:146)
at org.apache.maven.surefire.booter.ForkedBooter.invokeProviderInSameClassLoader(ForkedBooter.java:384)
at org.apache.maven.surefire.booter.ForkedBooter.runSuitesInProcess(ForkedBooter.java:345)
at org.apache.maven.surefire.booter.ForkedBooter.execute(ForkedBooter.java:126)
at org.apache.maven.surefire.booter.ForkedBooter.main(ForkedBooter.java:418)
]]>
    </error>
  </testcase> <!-- setUp -->
  <system-out/>
  <testcase classname="footerEbayTest.BuyCategoryTest" name="buyLinkTest">
    <skipped/>
  </testcase> <!-- buyLinkTest -->
  <system-out/>
  <testcase classname="footerEbayTest.BuyCategoryTest" name="moneyBackGuarenteeTest">
    <skipped/>
  </testcase> <!-- moneyBackGuarenteeTest -->
  <system-out/>
  <testcase classname="footerEbayTest.BuyCategoryTest" name="healthAndBeatyLinkTest">
    <skipped/>
  </testcase> <!-- healthAndBeatyLinkTest -->
  <system-out/>
  <testcase classname="footerEbayTest.BuyCategoryTest" name="countrySelectHKTest">
    <skipped/>
  </testcase> <!-- countrySelectHKTest -->
  <system-out/>
  <testcase classname="footerEbayTest.BuyCategoryTest" name="biddinAndBuyingTest">
    <skipped/>
  </testcase> <!-- biddinAndBuyingTest -->
  <system-out/>
  <testcase classname="footerEbayTest.BuyCategoryTest" name="collectibleArtTest">
    <skipped/>
  </testcase> <!-- collectibleArtTest -->
  <system-out/>
  <testcase classname="footerEbayTest.BuyCategoryTest" name="communityLinkTest">
    <skipped/>
  </testcase> <!-- communityLinkTest -->
  <system-out/>
  <testcase classname="footerEbayTest.BuyCategoryTest" name="communitySearchBox">
    <skipped/>
  </testcase> <!-- communitySearchBox -->
  <system-out/>
  <testcase classname="footerEbayTest.BuyCategoryTest" name="northonIdTest">
    <skipped/>
  </testcase> <!-- northonIdTest -->
  <system-out/>
  <testcase classname="footerEbayTest.BuyCategoryTest" name="policiesLinkTest">
    <skipped/>
  </testcase> <!-- policiesLinkTest -->
  <system-out/>
  <testcase classname="footerEbayTest.BuyCategoryTest" name="SellLInkActTest">
    <skipped/>
  </testcase> <!-- SellLInkActTest -->
  <system-out/>
  <testcase classname="footerEbayTest.BuyCategoryTest" name="languageSelectTest">
    <skipped/>
  </testcase> <!-- languageSelectTest -->
  <system-out/>
  <testcase classname="footerEbayTest.BuyCategoryTest" name="copyrightTest">
    <skipped/>
  </testcase> <!-- copyrightTest -->
  <system-out/>
  <testcase classname="footerEbayTest.BuyCategoryTest" name="ebayCompaniesLinkTest">
    <skipped/>
  </testcase> <!-- ebayCompaniesLinkTest -->
  <system-out/>
</testsuite> <!-- footerEbayTest.BuyCategoryTest -->
